<?xml version="1.0" encoding="UTF-8"?>
<!-- Generated by org.testng.reporters.JUnitReportReporter -->
<testsuite hostname="Sudam12RK" failures="0" tests="3" name="seleniumAutomation.Day1" time="0.028" errors="0" timestamp="2024-09-03T20:59:31 IST" skipped="0">
  <testcase classname="seleniumAutomation.Day1" name="openapp" time="0.022"/>
  <system-out/>
  <testcase classname="seleniumAutomation.Day1" name="login" time="0.002"/>
  <system-out/>
  <testcase classname="seleniumAutomation.Day1" name="logout" time="0.004"/>
  <system-out/>
</testsuite> <!-- seleniumAutomation.Day1 -->
