<?xml version="1.0" encoding="UTF-8"?>
<!-- Generated by org.testng.reporters.JUnitReportReporter -->
<testsuite hostname="Sudam12RK" failures="0" tests="1" name="parallelTest.ParallelTestDemo1" time="7.065" errors="0" timestamp="2024-08-18T17:23:21 IST" skipped="0">
  <testcase classname="parallelTest.ParallelTestDemo1" name="Test5" time="7.065"/>
  <system-out/>
</testsuite> <!-- parallelTest.ParallelTestDemo1 -->
