<?xml version="1.0" encoding="UTF-8"?>
<!-- Generated by org.testng.reporters.JUnitReportReporter -->
<testsuite hostname="Sudam12RK" failures="0" tests="2" name="testPack.C2" time="0.003" errors="0" timestamp="2024-08-18T10:49:07 IST" skipped="0">
  <testcase classname="testPack.C2" name="Advsearch" time="0.001"/>
  <system-out/>
  <testcase classname="testPack.C2" name="Advsearch" time="0.002"/>
  <system-out/>
</testsuite> <!-- testPack.C2 -->
