<?xml version="1.0" encoding="UTF-8"?>
<!-- Generated by org.testng.reporters.JUnitReportReporter -->
<testsuite hostname="Sudam12RK" failures="0" tests="2" name="seleniumAutomation.AnnotationsDemo" time="0.016" errors="0" timestamp="2024-08-17T11:18:45 IST" skipped="0">
  <testcase classname="seleniumAutomation.AnnotationsDemo" name="search" time="0.008"/>
  <system-out/>
  <testcase classname="seleniumAutomation.AnnotationsDemo" name="advsearch" time="0.008"/>
  <system-out/>
</testsuite> <!-- seleniumAutomation.AnnotationsDemo -->
