<?xml version="1.0" encoding="UTF-8"?>
<!-- Generated by org.testng.reporters.JUnitReportReporter -->
<testsuite hostname="Sudam12RK" failures="0" tests="4" name="seleniumAutomation.OrangeHRM" time="14.589" errors="0" timestamp="2024-09-08T16:17:41 IST" skipped="0">
  <testcase classname="seleniumAutomation.OrangeHRM" name="openapp" time="9.735"/>
  <system-out/>
  <testcase classname="seleniumAutomation.OrangeHRM" name="testlogo" time="3.061"/>
  <system-out/>
  <testcase classname="seleniumAutomation.OrangeHRM" name="login" time="1.709"/>
  <system-out/>
  <testcase classname="seleniumAutomation.OrangeHRM" name="logout" time="0.084"/>
  <system-out/>
</testsuite> <!-- seleniumAutomation.OrangeHRM -->
