<?xml version="1.0" encoding="UTF-8"?>
<!-- Generated by org.testng.reporters.JUnitReportReporter -->
<testsuite hostname="Sudam12RK" failures="0" tests="1" name="seleniumAutomation.AssertonDemo" time="0.022" errors="0" timestamp="2024-08-18T11:19:52 IST" skipped="0">
  <testcase classname="seleniumAutomation.AssertonDemo" name="TestTitle" time="0.022"/>
  <system-out/>
</testsuite> <!-- seleniumAutomation.AssertonDemo -->
