<?xml version="1.0" encoding="UTF-8"?>
<!-- Generated by org.testng.reporters.JUnitReportReporter -->
<testsuite hostname="Sudam12RK" failures="0" tests="2" name="seleniumAutomation.AnnotationsDemo2" time="0.009" errors="0" timestamp="2024-08-17T11:30:27 IST" skipped="0">
  <testcase classname="seleniumAutomation.AnnotationsDemo2" name="search" time="0.008"/>
  <system-out/>
  <testcase classname="seleniumAutomation.AnnotationsDemo2" name="advsearch" time="0.001"/>
  <system-out/>
</testsuite> <!-- seleniumAutomation.AnnotationsDemo2 -->
