<?xml version="1.0" encoding="UTF-8"?>
<!-- Generated by org.testng.reporters.JUnitReportReporter -->
<testsuite hostname="Sudam12RK" failures="0" tests="2" name="crossbrowserTesting.Browsertesting" time="8.667" errors="0" timestamp="2024-08-18T20:13:53 IST" skipped="0">
  <testcase classname="crossbrowserTesting.Browsertesting" name="OrangeHrmlogin" time="3.179"/>
  <system-out/>
  <testcase classname="crossbrowserTesting.Browsertesting" name="OrangeHrmlogin" time="5.488"/>
  <system-out/>
</testsuite> <!-- crossbrowserTesting.Browsertesting -->
